Started GET "/" for ::1 at 2019-09-17 23:52:18 +0530
Processing by Rails::WelcomeController#index as HTML
  Rendering C:/Ruby26-x64/lib/ruby/gems/2.6.0/gems/railties-5.2.3/lib/rails/templates/rails/welcome/index.html.erb
  Rendered C:/Ruby26-x64/lib/ruby/gems/2.6.0/gems/railties-5.2.3/lib/rails/templates/rails/welcome/index.html.erb (5.2ms)
Completed 200 OK in 29ms (Views: 20.3ms | ActiveRecord: 0.0ms)


  [1m[35m (0.1ms)[0m  [1m[34mSELECT sqlite_version(*)[0m
  ↳ bin/rails:4
  [1m[35m (112.8ms)[0m  [1m[35mCREATE TABLE "schema_migrations" ("version" varchar NOT NULL PRIMARY KEY)[0m
  ↳ bin/rails:4
  [1m[35m (149.9ms)[0m  [1m[35mCREATE TABLE "ar_internal_metadata" ("key" varchar NOT NULL PRIMARY KEY, "value" varchar, "created_at" datetime NOT NULL, "updated_at" datetime NOT NULL)[0m
  ↳ bin/rails:4
  [1m[35m (0.3ms)[0m  [1m[34mSELECT "schema_migrations"."version" FROM "schema_migrations" ORDER BY "schema_migrations"."version" ASC[0m
  ↳ bin/rails:4
Migrating to CreateDepartments (20190917182707)
  [1m[35m (0.0ms)[0m  [1m[36mbegin transaction[0m
  ↳ bin/rails:4
  [1m[35m (2.0ms)[0m  [1m[35mCREATE TABLE "departments" ("id" integer PRIMARY KEY AUTOINCREMENT NOT NULL, "name" varchar, "created_at" datetime NOT NULL, "updated_at" datetime NOT NULL)[0m
  ↳ db/migrate/20190917182707_create_departments.rb:3
  [1m[36mActiveRecord::SchemaMigration Create (0.2ms)[0m  [1m[32mINSERT INTO "schema_migrations" ("version") VALUES (?)[0m  [["version", "20190917182707"]]
  ↳ bin/rails:4
  [1m[35m (124.7ms)[0m  [1m[36mcommit transaction[0m
  ↳ bin/rails:4
  [1m[36mActiveRecord::InternalMetadata Load (0.8ms)[0m  [1m[34mSELECT  "ar_internal_metadata".* FROM "ar_internal_metadata" WHERE "ar_internal_metadata"."key" = ? LIMIT ?[0m  [["key", "environment"], ["LIMIT", 1]]
  ↳ bin/rails:4
  [1m[35m (0.1ms)[0m  [1m[36mbegin transaction[0m
  ↳ bin/rails:4
  [1m[36mActiveRecord::InternalMetadata Create (2.1ms)[0m  [1m[32mINSERT INTO "ar_internal_metadata" ("key", "value", "created_at", "updated_at") VALUES (?, ?, ?, ?)[0m  [["key", "environment"], ["value", "development"], ["created_at", "2019-09-17 18:31:15.098828"], ["updated_at", "2019-09-17 18:31:15.098828"]]
  ↳ bin/rails:4
  [1m[35m (121.5ms)[0m  [1m[36mcommit transaction[0m
  ↳ bin/rails:4
  [1m[35m (1.0ms)[0m  [1m[34mSELECT "schema_migrations"."version" FROM "schema_migrations" ORDER BY "schema_migrations"."version" ASC[0m
  ↳ bin/rails:4
  [1m[36mDepartment Load (4.2ms)[0m  [1m[34mSELECT  "departments".* FROM "departments" LIMIT ?[0m  [["LIMIT", 11]]
  [1m[35m (0.1ms)[0m  [1m[36mbegin transaction[0m
  [1m[36mDepartment Create (2.8ms)[0m  [1m[32mINSERT INTO "departments" ("name", "created_at", "updated_at") VALUES (?, ?, ?)[0m  [["name", "CSE"], ["created_at", "2019-09-17 21:00:07.320481"], ["updated_at", "2019-09-17 21:00:07.320481"]]
  [1m[35m (110.4ms)[0m  [1m[36mcommit transaction[0m
  [1m[36mDepartment Load (0.7ms)[0m  [1m[34mSELECT  "departments".* FROM "departments" ORDER BY "departments"."id" ASC LIMIT ?[0m  [["LIMIT", 1]]
  [1m[36mDepartment Load (0.4ms)[0m  [1m[34mSELECT  "departments".* FROM "departments" LIMIT ?[0m  [["LIMIT", 11]]
  [1m[36mDepartment Load (0.3ms)[0m  [1m[34mSELECT  "departments".* FROM "departments" WHERE "departments"."id" = ? LIMIT ?[0m  [["id", 1], ["LIMIT", 1]]
  [1m[36mDepartment Load (0.6ms)[0m  [1m[34mSELECT  "departments".* FROM "departments" WHERE "departments"."name" = ? LIMIT ?[0m  [["name", "CSE"], ["LIMIT", 1]]
  [1m[36mDepartment Load (0.7ms)[0m  [1m[34mSELECT  "departments".* FROM "departments" WHERE "departments"."id" = ? AND "departments"."name" = ? ORDER BY "departments"."id" ASC LIMIT ?[0m  [["id", 1], ["name", "CSE"], ["LIMIT", 1]]
  [1m[36mDepartment Load (0.5ms)[0m  [1m[34mSELECT  "departments".* FROM "departments" WHERE "departments"."name" = ? LIMIT ?[0m  [["name", "CSE"], ["LIMIT", 1]]
  [1m[36mDepartment Load (0.5ms)[0m  [1m[34mSELECT  "departments".* FROM "departments" WHERE "departments"."name" = ? LIMIT ?[0m  [["name", "CSE"], ["LIMIT", 1]]
  [1m[35m (0.1ms)[0m  [1m[36mbegin transaction[0m
  [1m[36mDepartment Update (1.7ms)[0m  [1m[33mUPDATE "departments" SET "name" = ?, "updated_at" = ? WHERE "departments"."id" = ?[0m  [["name", "EEE"], ["updated_at", "2019-09-17 21:05:27.701465"], ["id", 1]]
  [1m[35m (122.4ms)[0m  [1m[36mcommit transaction[0m
  [1m[36mDepartment Load (0.5ms)[0m  [1m[34mSELECT  "departments".* FROM "departments" LIMIT ?[0m  [["LIMIT", 11]]
  [1m[35m (0.2ms)[0m  [1m[36mbegin transaction[0m
  [1m[36mDepartment Create (1.8ms)[0m  [1m[32mINSERT INTO "departments" ("name", "created_at", "updated_at") VALUES (?, ?, ?)[0m  [["name", "MECH"], ["created_at", "2019-09-17 21:06:11.503008"], ["updated_at", "2019-09-17 21:06:11.503008"]]
  [1m[35m (117.8ms)[0m  [1m[36mcommit transaction[0m
  [1m[36mDepartment Load (0.5ms)[0m  [1m[34mSELECT  "departments".* FROM "departments" LIMIT ?[0m  [["LIMIT", 11]]
  [1m[35m (0.1ms)[0m  [1m[36mbegin transaction[0m
  [1m[36mDepartment Create (1.6ms)[0m  [1m[32mINSERT INTO "departments" ("name", "created_at", "updated_at") VALUES (?, ?, ?)[0m  [["name", "CSE"], ["created_at", "2019-09-17 21:07:03.326563"], ["updated_at", "2019-09-17 21:07:03.326563"]]
  [1m[35m (75.6ms)[0m  [1m[36mcommit transaction[0m
  [1m[36mDepartment Load (0.3ms)[0m  [1m[34mSELECT  "departments".* FROM "departments" LIMIT ?[0m  [["LIMIT", 11]]
  [1m[36mDepartment Load (0.4ms)[0m  [1m[34mSELECT  "departments".* FROM "departments" WHERE "departments"."name" = ? LIMIT ?[0m  [["name", "MECH"], ["LIMIT", 1]]
  [1m[36mDepartment Load (0.5ms)[0m  [1m[34mSELECT  "departments".* FROM "departments" LIMIT ?[0m  [["LIMIT", 11]]
  [1m[36mDepartment Load (0.3ms)[0m  [1m[34mSELECT  "departments".* FROM "departments" WHERE "departments"."name" = ? LIMIT ?[0m  [["name", "MECH"], ["LIMIT", 1]]
  [1m[35m (0.1ms)[0m  [1m[36mbegin transaction[0m
  [1m[36mDepartment Destroy (2.1ms)[0m  [1m[31mDELETE FROM "departments" WHERE "departments"."id" = ?[0m  [["id", 2]]
  [1m[35m (183.0ms)[0m  [1m[36mcommit transaction[0m
  [1m[36mDepartment Load (0.5ms)[0m  [1m[34mSELECT  "departments".* FROM "departments" LIMIT ?[0m  [["LIMIT", 11]]
  [1m[36mDepartment Load (0.6ms)[0m  [1m[34mSELECT  "departments".* FROM "departments" LIMIT ?[0m  [["LIMIT", 11]]
  [1m[35m (0.1ms)[0m  [1m[36mbegin transaction[0m
  [1m[36mDepartment Create (1.5ms)[0m  [1m[32mINSERT INTO "departments" ("name", "created_at", "updated_at") VALUES (?, ?, ?)[0m  [["name", "ECE"], ["created_at", "2019-09-17 21:13:03.930361"], ["updated_at", "2019-09-17 21:13:03.930361"]]
  [1m[35m (81.7ms)[0m  [1m[36mcommit transaction[0m
  [1m[36mDepartment Load (0.3ms)[0m  [1m[34mSELECT  "departments".* FROM "departments" WHERE "departments"."name" = ? LIMIT ?[0m  [["name", "ECE"], ["LIMIT", 1]]
  [1m[35m (0.0ms)[0m  [1m[36mbegin transaction[0m
  [1m[36mDepartment Destroy (1.5ms)[0m  [1m[31mDELETE FROM "departments" WHERE "departments"."id" = ?[0m  [["id", 4]]
  [1m[35m (89.3ms)[0m  [1m[36mcommit transaction[0m
  [1m[35m (14.4ms)[0m  [1m[34mSELECT "schema_migrations"."version" FROM "schema_migrations" ORDER BY "schema_migrations"."version" ASC[0m
  ↳ bin/rails:4
Migrating to CreateSections (20190918161826)
  [1m[35m (0.2ms)[0m  [1m[36mbegin transaction[0m
  ↳ bin/rails:4
  [1m[35m (0.7ms)[0m  [1m[34mSELECT sqlite_version(*)[0m
  ↳ db/migrate/20190918161826_create_sections.rb:3
  [1m[35m (2.0ms)[0m  [1m[35mCREATE TABLE "sections" ("id" integer PRIMARY KEY AUTOINCREMENT NOT NULL, "name" varchar, "created_at" datetime NOT NULL, "updated_at" datetime NOT NULL)[0m
  ↳ db/migrate/20190918161826_create_sections.rb:3
  [1m[36mActiveRecord::SchemaMigration Create (6.1ms)[0m  [1m[32mINSERT INTO "schema_migrations" ("version") VALUES (?)[0m  [["version", "20190918161826"]]
  ↳ bin/rails:4
  [1m[35m (124.0ms)[0m  [1m[36mcommit transaction[0m
  ↳ bin/rails:4
  [1m[36mActiveRecord::InternalMetadata Load (5.7ms)[0m  [1m[34mSELECT  "ar_internal_metadata".* FROM "ar_internal_metadata" WHERE "ar_internal_metadata"."key" = ? LIMIT ?[0m  [["key", "environment"], ["LIMIT", 1]]
  ↳ bin/rails:4
  [1m[35m (0.2ms)[0m  [1m[36mbegin transaction[0m
  ↳ bin/rails:4
  [1m[35m (0.1ms)[0m  [1m[36mcommit transaction[0m
  ↳ bin/rails:4
  [1m[35m (3.2ms)[0m  [1m[34mSELECT "schema_migrations"."version" FROM "schema_migrations" ORDER BY "schema_migrations"."version" ASC[0m
  ↳ bin/rails:4
  [1m[35m (0.3ms)[0m  [1m[34mSELECT "schema_migrations"."version" FROM "schema_migrations" ORDER BY "schema_migrations"."version" ASC[0m
  ↳ bin/rails:4
Migrating to AddDepartmentToSection (20190918162114)
  [1m[35m (0.1ms)[0m  [1m[36mbegin transaction[0m
  ↳ bin/rails:4
  [1m[36mActiveRecord::SchemaMigration Create (1.8ms)[0m  [1m[32mINSERT INTO "schema_migrations" ("version") VALUES (?)[0m  [["version", "20190918162114"]]
  ↳ bin/rails:4
  [1m[35m (112.1ms)[0m  [1m[36mcommit transaction[0m
  ↳ bin/rails:4
  [1m[36mActiveRecord::InternalMetadata Load (2.5ms)[0m  [1m[34mSELECT  "ar_internal_metadata".* FROM "ar_internal_metadata" WHERE "ar_internal_metadata"."key" = ? LIMIT ?[0m  [["key", "environment"], ["LIMIT", 1]]
  ↳ bin/rails:4
  [1m[35m (0.1ms)[0m  [1m[36mbegin transaction[0m
  ↳ bin/rails:4
  [1m[35m (0.1ms)[0m  [1m[36mcommit transaction[0m
  ↳ bin/rails:4
  [1m[35m (0.5ms)[0m  [1m[34mSELECT "schema_migrations"."version" FROM "schema_migrations" ORDER BY "schema_migrations"."version" ASC[0m
  ↳ bin/rails:4
  [1m[35m (0.3ms)[0m  [1m[34mSELECT "schema_migrations"."version" FROM "schema_migrations" ORDER BY "schema_migrations"."version" ASC[0m
  ↳ bin/rails:4
  [1m[36mActiveRecord::InternalMetadata Load (0.3ms)[0m  [1m[34mSELECT  "ar_internal_metadata".* FROM "ar_internal_metadata" WHERE "ar_internal_metadata"."key" = ? LIMIT ?[0m  [["key", "environment"], ["LIMIT", 1]]
  ↳ bin/rails:4
  [1m[35m (0.1ms)[0m  [1m[36mbegin transaction[0m
  ↳ bin/rails:4
  [1m[35m (0.0ms)[0m  [1m[36mcommit transaction[0m
  ↳ bin/rails:4
  [1m[35m (0.2ms)[0m  [1m[34mSELECT "schema_migrations"."version" FROM "schema_migrations" ORDER BY "schema_migrations"."version" ASC[0m
  ↳ bin/rails:4
  [1m[35m (0.3ms)[0m  [1m[34mSELECT "schema_migrations"."version" FROM "schema_migrations" ORDER BY "schema_migrations"."version" ASC[0m
  ↳ bin/rails:4
  [1m[36mActiveRecord::InternalMetadata Load (0.3ms)[0m  [1m[34mSELECT  "ar_internal_metadata".* FROM "ar_internal_metadata" WHERE "ar_internal_metadata"."key" = ? LIMIT ?[0m  [["key", "environment"], ["LIMIT", 1]]
  ↳ bin/rails:4
  [1m[35m (0.1ms)[0m  [1m[36mbegin transaction[0m
  ↳ bin/rails:4
  [1m[35m (0.0ms)[0m  [1m[36mcommit transaction[0m
  ↳ bin/rails:4
  [1m[35m (0.2ms)[0m  [1m[34mSELECT "schema_migrations"."version" FROM "schema_migrations" ORDER BY "schema_migrations"."version" ASC[0m
  ↳ bin/rails:4
  [1m[36mDepartment Load (0.3ms)[0m  [1m[34mSELECT  "departments".* FROM "departments" ORDER BY "departments"."id" ASC LIMIT ?[0m  [["LIMIT", 1]]
  [1m[36mDepartment Load (0.5ms)[0m  [1m[34mSELECT  "departments".* FROM "departments" ORDER BY "departments"."id" ASC LIMIT ?[0m  [["LIMIT", 1]]
  [1m[36mDepartment Load (0.5ms)[0m  [1m[34mSELECT  "departments".* FROM "departments" ORDER BY "departments"."id" ASC LIMIT ?[0m  [["LIMIT", 1]]
  [1m[35m (0.1ms)[0m  [1m[36mbegin transaction[0m
  [1m[35m (0.1ms)[0m  [1m[36mcommit transaction[0m
  [1m[35m (0.1ms)[0m  [1m[36mbegin transaction[0m
  [1m[36mDepartment Destroy (2.2ms)[0m  [1m[31mDELETE FROM "departments" WHERE "departments"."id" = ?[0m  [["id", 1]]
  [1m[35m (217.2ms)[0m  [1m[36mcommit transaction[0m
  [1m[35m (0.1ms)[0m  [1m[36mbegin transaction[0m
  [1m[35m (0.1ms)[0m  [1m[31mrollback transaction[0m
  [1m[36mDepartment Load (0.6ms)[0m  [1m[34mSELECT  "departments".* FROM "departments" ORDER BY "departments"."id" ASC LIMIT ?[0m  [["LIMIT", 1]]
  [1m[36mDepartment Load (0.5ms)[0m  [1m[34mSELECT  "departments".* FROM "departments" ORDER BY "departments"."id" ASC LIMIT ?[0m  [["LIMIT", 1]]
  [1m[35m (0.1ms)[0m  [1m[36mbegin transaction[0m
  [1m[36mDepartment Destroy (2.5ms)[0m  [1m[31mDELETE FROM "departments" WHERE "departments"."id" = ?[0m  [["id", 3]]
  [1m[35m (186.1ms)[0m  [1m[36mcommit transaction[0m
  [1m[36mDepartment Load (0.7ms)[0m  [1m[34mSELECT  "departments".* FROM "departments" LIMIT ?[0m  [["LIMIT", 11]]
  [1m[35m (0.3ms)[0m  [1m[34mSELECT "schema_migrations"."version" FROM "schema_migrations" ORDER BY "schema_migrations"."version" ASC[0m
  ↳ bin/rails:4
  [1m[36mActiveRecord::InternalMetadata Load (0.3ms)[0m  [1m[34mSELECT  "ar_internal_metadata".* FROM "ar_internal_metadata" WHERE "ar_internal_metadata"."key" = ? LIMIT ?[0m  [["key", "environment"], ["LIMIT", 1]]
  ↳ bin/rails:4
  [1m[35m (0.1ms)[0m  [1m[36mbegin transaction[0m
  ↳ bin/rails:4
  [1m[35m (0.0ms)[0m  [1m[36mcommit transaction[0m
  ↳ bin/rails:4
  [1m[35m (0.2ms)[0m  [1m[34mSELECT "schema_migrations"."version" FROM "schema_migrations" ORDER BY "schema_migrations"."version" ASC[0m
  ↳ bin/rails:4
  [1m[35m (0.3ms)[0m  [1m[34mSELECT "schema_migrations"."version" FROM "schema_migrations" ORDER BY "schema_migrations"."version" ASC[0m
  ↳ bin/rails:4
  [1m[36mActiveRecord::InternalMetadata Load (0.3ms)[0m  [1m[34mSELECT  "ar_internal_metadata".* FROM "ar_internal_metadata" WHERE "ar_internal_metadata"."key" = ? LIMIT ?[0m  [["key", "environment"], ["LIMIT", 1]]
  ↳ bin/rails:4
  [1m[35m (0.1ms)[0m  [1m[36mbegin transaction[0m
  ↳ bin/rails:4
  [1m[35m (0.0ms)[0m  [1m[36mcommit transaction[0m
  ↳ bin/rails:4
  [1m[35m (0.2ms)[0m  [1m[34mSELECT "schema_migrations"."version" FROM "schema_migrations" ORDER BY "schema_migrations"."version" ASC[0m
  ↳ bin/rails:4
  [1m[35m (0.3ms)[0m  [1m[34mSELECT "schema_migrations"."version" FROM "schema_migrations" ORDER BY "schema_migrations"."version" ASC[0m
  ↳ bin/rails:4
  [1m[36mActiveRecord::InternalMetadata Load (0.4ms)[0m  [1m[34mSELECT  "ar_internal_metadata".* FROM "ar_internal_metadata" WHERE "ar_internal_metadata"."key" = ? LIMIT ?[0m  [["key", "environment"], ["LIMIT", 1]]
  ↳ bin/rails:4
  [1m[35m (0.1ms)[0m  [1m[36mbegin transaction[0m
  ↳ bin/rails:4
  [1m[35m (0.1ms)[0m  [1m[36mcommit transaction[0m
  ↳ bin/rails:4
  [1m[35m (0.4ms)[0m  [1m[34mSELECT "schema_migrations"."version" FROM "schema_migrations" ORDER BY "schema_migrations"."version" ASC[0m
  ↳ bin/rails:4
  [1m[35m (0.3ms)[0m  [1m[34mSELECT "schema_migrations"."version" FROM "schema_migrations" ORDER BY "schema_migrations"."version" ASC[0m
  ↳ bin/rails:4
  [1m[36mActiveRecord::InternalMetadata Load (0.3ms)[0m  [1m[34mSELECT  "ar_internal_metadata".* FROM "ar_internal_metadata" WHERE "ar_internal_metadata"."key" = ? LIMIT ?[0m  [["key", "environment"], ["LIMIT", 1]]
  ↳ bin/rails:4
  [1m[35m (0.9ms)[0m  [1m[36mbegin transaction[0m
  ↳ bin/rails:4
  [1m[35m (0.0ms)[0m  [1m[36mcommit transaction[0m
  ↳ bin/rails:4
  [1m[35m (0.2ms)[0m  [1m[34mSELECT "schema_migrations"."version" FROM "schema_migrations" ORDER BY "schema_migrations"."version" ASC[0m
  ↳ bin/rails:4
  [1m[35m (0.3ms)[0m  [1m[34mSELECT "schema_migrations"."version" FROM "schema_migrations" ORDER BY "schema_migrations"."version" ASC[0m
  ↳ bin/rails:4
Migrating to AddDepartmentToSection (20190918170130)
  [1m[35m (0.1ms)[0m  [1m[36mbegin transaction[0m
  ↳ bin/rails:4
  [1m[35m (1.9ms)[0m  [1m[35mALTER TABLE "sections" ADD "department_id" integer[0m
  ↳ db/migrate/20190918170130_add_department_to_section.rb:3
  [1m[36mActiveRecord::SchemaMigration Create (0.2ms)[0m  [1m[32mINSERT INTO "schema_migrations" ("version") VALUES (?)[0m  [["version", "20190918170130"]]
  ↳ bin/rails:4
  [1m[35m (123.7ms)[0m  [1m[36mcommit transaction[0m
  ↳ bin/rails:4
  [1m[36mActiveRecord::InternalMetadata Load (0.8ms)[0m  [1m[34mSELECT  "ar_internal_metadata".* FROM "ar_internal_metadata" WHERE "ar_internal_metadata"."key" = ? LIMIT ?[0m  [["key", "environment"], ["LIMIT", 1]]
  ↳ bin/rails:4
  [1m[35m (0.1ms)[0m  [1m[36mbegin transaction[0m
  ↳ bin/rails:4
  [1m[35m (0.1ms)[0m  [1m[36mcommit transaction[0m
  ↳ bin/rails:4
  [1m[35m (0.8ms)[0m  [1m[34mSELECT "schema_migrations"."version" FROM "schema_migrations" ORDER BY "schema_migrations"."version" ASC[0m
  ↳ bin/rails:4
  [1m[35m (0.1ms)[0m  [1m[36mbegin transaction[0m
  [1m[36mSection Create (3.2ms)[0m  [1m[32mINSERT INTO "sections" ("name", "created_at", "updated_at", "department_id") VALUES (?, ?, ?, ?)[0m  [["name", "A01"], ["created_at", "2019-09-18 17:04:52.762969"], ["updated_at", "2019-09-18 17:04:52.762969"], ["department_id", 1]]
  [1m[35m (177.6ms)[0m  [1m[36mcommit transaction[0m
  [1m[36mDepartment Load (0.8ms)[0m  [1m[34mSELECT  "departments".* FROM "departments" WHERE "departments"."id" = ? LIMIT ?[0m  [["id", 1], ["LIMIT", 1]]
  [1m[35m (0.1ms)[0m  [1m[36mbegin transaction[0m
  [1m[36mDepartment Create (2.4ms)[0m  [1m[32mINSERT INTO "departments" ("name", "created_at", "updated_at") VALUES (?, ?, ?)[0m  [["name", "CSE"], ["created_at", "2019-09-18 17:07:08.345426"], ["updated_at", "2019-09-18 17:07:08.345426"]]
  [1m[35m (146.4ms)[0m  [1m[36mcommit transaction[0m
  [1m[35m (0.1ms)[0m  [1m[36mbegin transaction[0m
  [1m[36mSection Create (2.6ms)[0m  [1m[32mINSERT INTO "sections" ("name", "created_at", "updated_at", "department_id") VALUES (?, ?, ?, ?)[0m  [["name", "A02"], ["created_at", "2019-09-18 17:08:25.755184"], ["updated_at", "2019-09-18 17:08:25.755184"], ["department_id", 5]]
  [1m[35m (198.6ms)[0m  [1m[36mcommit transaction[0m
  [1m[36mDepartment Load (0.4ms)[0m  [1m[34mSELECT  "departments".* FROM "departments" WHERE "departments"."id" = ? LIMIT ?[0m  [["id", 1], ["LIMIT", 1]]
  [1m[36mDepartment Load (0.5ms)[0m  [1m[34mSELECT  "departments".* FROM "departments" WHERE "departments"."id" = ? LIMIT ?[0m  [["id", 1], ["LIMIT", 1]]
  [1m[36mDepartment Load (0.5ms)[0m  [1m[34mSELECT  "departments".* FROM "departments" WHERE "departments"."id" = ? LIMIT ?[0m  [["id", 5], ["LIMIT", 1]]
  [1m[36mSection Load (1.1ms)[0m  [1m[34mSELECT  "sections".* FROM "sections" WHERE "sections"."department_id" = ? LIMIT ?[0m  [["department_id", 5], ["LIMIT", 11]]
  [1m[36mDepartment Load (0.7ms)[0m  [1m[34mSELECT  "departments".* FROM "departments" WHERE "departments"."name" = ? LIMIT ?[0m  [["name", "CSE"], ["LIMIT", 1]]
  [1m[36mSection Load (0.9ms)[0m  [1m[34mSELECT "sections".* FROM "sections" WHERE "sections"."department_id" = ?[0m  [["department_id", 5]]
  [1m[36mSection Load (0.7ms)[0m  [1m[34mSELECT  "sections".* FROM "sections" WHERE "sections"."name" = ? LIMIT ?[0m  [["name", "A02"], ["LIMIT", 1]]
  [1m[36mSection Load (0.5ms)[0m  [1m[34mSELECT  "sections".* FROM "sections" WHERE "sections"."name" = ? LIMIT ?[0m  [["name", "A02"], ["LIMIT", 1]]
  [1m[36mSection Load (0.2ms)[0m  [1m[34mSELECT  "sections".* FROM "sections" ORDER BY "sections"."id" DESC LIMIT ?[0m  [["LIMIT", 1]]
  [1m[36mDepartment Load (0.4ms)[0m  [1m[34mSELECT  "departments".* FROM "departments" WHERE "departments"."id" = ? LIMIT ?[0m  [["id", 5], ["LIMIT", 1]]
  [1m[36mDepartment Load (0.7ms)[0m  [1m[34mSELECT  "departments".* FROM "departments" LIMIT ?[0m  [["LIMIT", 11]]
  [1m[36mDepartment Load (0.6ms)[0m  [1m[34mSELECT  "departments".* FROM "departments" ORDER BY "departments"."id" ASC LIMIT ?[0m  [["LIMIT", 1]]
  [1m[35m (0.1ms)[0m  [1m[36mbegin transaction[0m
  [1m[36mSection Load (0.6ms)[0m  [1m[34mSELECT "sections".* FROM "sections" WHERE "sections"."department_id" = ?[0m  [["department_id", 5]]
  [1m[36mSection Destroy (3.2ms)[0m  [1m[31mDELETE FROM "sections" WHERE "sections"."id" = ?[0m  [["id", 2]]
  [1m[36mDepartment Destroy (0.5ms)[0m  [1m[31mDELETE FROM "departments" WHERE "departments"."id" = ?[0m  [["id", 5]]
  [1m[35m (189.8ms)[0m  [1m[36mcommit transaction[0m
  [1m[35m (0.2ms)[0m  [1m[34mSELECT "schema_migrations"."version" FROM "schema_migrations" ORDER BY "schema_migrations"."version" ASC[0m
  ↳ bin/rails:4
Migrating to CreateStudents (20190918173250)
  [1m[35m (0.1ms)[0m  [1m[36mbegin transaction[0m
  ↳ bin/rails:4
  [1m[35m (0.1ms)[0m  [1m[34mSELECT sqlite_version(*)[0m
  ↳ db/migrate/20190918173250_create_students.rb:3
  [1m[35m (1.7ms)[0m  [1m[35mCREATE TABLE "students" ("id" integer PRIMARY KEY AUTOINCREMENT NOT NULL, "name" varchar, "email" varchar, "roll_no" integer, "created_at" datetime NOT NULL, "updated_at" datetime NOT NULL)[0m
  ↳ db/migrate/20190918173250_create_students.rb:3
  [1m[36mActiveRecord::SchemaMigration Create (0.2ms)[0m  [1m[32mINSERT INTO "schema_migrations" ("version") VALUES (?)[0m  [["version", "20190918173250"]]
  ↳ bin/rails:4
  [1m[35m (131.6ms)[0m  [1m[36mcommit transaction[0m
  ↳ bin/rails:4
Migrating to AddDepartmentToStudent (20190918173458)
  [1m[35m (0.1ms)[0m  [1m[36mbegin transaction[0m
  ↳ bin/rails:4
  [1m[35m (0.1ms)[0m  [1m[31mrollback transaction[0m
  ↳ bin/rails:4
  [1m[35m (0.3ms)[0m  [1m[34mSELECT "schema_migrations"."version" FROM "schema_migrations" ORDER BY "schema_migrations"."version" ASC[0m
  ↳ bin/rails:4
Migrating to AddDepartmentToStudent (20190918174134)
  [1m[35m (0.1ms)[0m  [1m[36mbegin transaction[0m
  ↳ bin/rails:4
  [1m[35m (2.2ms)[0m  [1m[35mALTER TABLE "students" ADD "department_id" integer[0m
  ↳ db/migrate/20190918174134_add_department_to_student.rb:3
  [1m[36mActiveRecord::SchemaMigration Create (0.3ms)[0m  [1m[32mINSERT INTO "schema_migrations" ("version") VALUES (?)[0m  [["version", "20190918174134"]]
  ↳ bin/rails:4
  [1m[35m (196.1ms)[0m  [1m[36mcommit transaction[0m
  ↳ bin/rails:4
  [1m[36mActiveRecord::InternalMetadata Load (0.8ms)[0m  [1m[34mSELECT  "ar_internal_metadata".* FROM "ar_internal_metadata" WHERE "ar_internal_metadata"."key" = ? LIMIT ?[0m  [["key", "environment"], ["LIMIT", 1]]
  ↳ bin/rails:4
  [1m[35m (0.1ms)[0m  [1m[36mbegin transaction[0m
  ↳ bin/rails:4
  [1m[35m (0.1ms)[0m  [1m[36mcommit transaction[0m
  ↳ bin/rails:4
  [1m[35m (1.0ms)[0m  [1m[34mSELECT "schema_migrations"."version" FROM "schema_migrations" ORDER BY "schema_migrations"."version" ASC[0m
  ↳ bin/rails:4
  [1m[35m (0.4ms)[0m  [1m[34mSELECT "schema_migrations"."version" FROM "schema_migrations" ORDER BY "schema_migrations"."version" ASC[0m
  ↳ bin/rails:4
Migrating to AddSectionToStudent (20190918174346)
  [1m[35m (0.1ms)[0m  [1m[36mbegin transaction[0m
  ↳ bin/rails:4
  [1m[35m (2.0ms)[0m  [1m[35mALTER TABLE "students" ADD "section_id" integer[0m
  ↳ db/migrate/20190918174346_add_section_to_student.rb:3
  [1m[36mActiveRecord::SchemaMigration Create (0.3ms)[0m  [1m[32mINSERT INTO "schema_migrations" ("version") VALUES (?)[0m  [["version", "20190918174346"]]
  ↳ bin/rails:4
  [1m[35m (125.1ms)[0m  [1m[36mcommit transaction[0m
  ↳ bin/rails:4
  [1m[36mActiveRecord::InternalMetadata Load (0.7ms)[0m  [1m[34mSELECT  "ar_internal_metadata".* FROM "ar_internal_metadata" WHERE "ar_internal_metadata"."key" = ? LIMIT ?[0m  [["key", "environment"], ["LIMIT", 1]]
  ↳ bin/rails:4
  [1m[35m (0.1ms)[0m  [1m[36mbegin transaction[0m
  ↳ bin/rails:4
  [1m[35m (0.1ms)[0m  [1m[36mcommit transaction[0m
  ↳ bin/rails:4
  [1m[35m (0.7ms)[0m  [1m[34mSELECT "schema_migrations"."version" FROM "schema_migrations" ORDER BY "schema_migrations"."version" ASC[0m
  ↳ bin/rails:4
